<?xml version="1.0" encoding="UTF-8"?>
<!-- Generated by org.testng.reporters.JUnitReportReporter -->
<testsuite hostname="DESKTOP-28161K9" failures="0" tests="4" name="com.tutorialsninja.qa.testcases.Register" time="60.219" errors="0" timestamp="2023-12-26T23:25:28 IST" skipped="0">
  <testcase classname="com.tutorialsninja.qa.testcases.Register" name="registerWithAlreadyExistEmail" time="21.034"/>
  <system-out/>
  <testcase classname="com.tutorialsninja.qa.testcases.Register" name="registerWithAllMandatoryFiels" time="11.456"/>
  <system-out/>
  <testcase classname="com.tutorialsninja.qa.testcases.Register" name="registerWithhoutFillingAnyDetail" time="19.392"/>
  <system-out/>
  <testcase classname="com.tutorialsninja.qa.testcases.Register" name="registerWithMandetoryFields" time="8.337"/>
  <system-out/>
</testsuite> <!-- com.tutorialsninja.qa.testcases.Register -->
