<?xml version="1.0" encoding="UTF-8"?>
<!-- Generated by org.testng.reporters.JUnitReportReporter -->
<testsuite hostname="DESKTOP-28161K9" failures="0" tests="5" name="com.tutorialsninja.qa.testcases.Login" time="157.028" errors="0" timestamp="2023-12-21T22:54:10 IST" skipped="0">
  <testcase classname="com.tutorialsninja.qa.testcases.Login" name="verifyLoginWithValidEmailInvalidPassword" time="14.388"/>
  <system-out/>
  <testcase classname="com.tutorialsninja.qa.testcases.Login" name="VerifyLoginWithoutCredentials" time="80.316"/>
  <system-out/>
  <testcase classname="com.tutorialsninja.qa.testcases.Login" name="verifyLoginWithValidCredentials" time="12.359"/>
  <system-out/>
  <testcase classname="com.tutorialsninja.qa.testcases.Login" name="verifyLoginWithInvalidEmailValidPassword" time="14.309"/>
  <system-out/>
  <testcase classname="com.tutorialsninja.qa.testcases.Login" name="verifyLoginWithInvalidCredentials" time="35.656"/>
  <system-out/>
</testsuite> <!-- com.tutorialsninja.qa.testcases.Login -->
