<?xml version="1.0" encoding="UTF-8"?>
<!-- Generated by org.testng.reporters.JUnitReportReporter -->
<testsuite hostname="DESKTOP-28161K9" failures="0" tests="4" name="com.tutorialsninja.qa.testcases.RegisterTest" time="44.305" errors="0" timestamp="2023-12-30T21:38:48 IST" skipped="0">
  <testcase classname="com.tutorialsninja.qa.testcases.RegisterTest" name="registerWithMandetoryFields" time="10.125"/>
  <system-out/>
  <testcase classname="com.tutorialsninja.qa.testcases.RegisterTest" name="registerWithAllMandatoryFiels" time="10.447"/>
  <system-out/>
  <testcase classname="com.tutorialsninja.qa.testcases.RegisterTest" name="registerWithAlreadyExistEmail" time="13.897"/>
  <system-out/>
  <testcase classname="com.tutorialsninja.qa.testcases.RegisterTest" name="registerWithhoutFillingAnyDetail" time="9.836"/>
  <system-out/>
</testsuite> <!-- com.tutorialsninja.qa.testcases.RegisterTest -->
