<?xml version="1.0" encoding="UTF-8"?>
<!-- Generated by org.testng.reporters.JUnitReportReporter -->
<testsuite hostname="DESKTOP-28161K9" failures="0" tests="3" name="com.tutorialsninja.qa.testcases.Search" time="53.102" errors="0" timestamp="2023-12-18T22:55:25 IST" skipped="0">
  <testcase classname="com.tutorialsninja.qa.testcases.Search" name="verifySearchWithValidproduct" time="9.671"/>
  <system-out/>
  <testcase classname="com.tutorialsninja.qa.testcases.Search" name="verifySearchWithNoProduct" time="12.973"/>
  <system-out/>
  <testcase classname="com.tutorialsninja.qa.testcases.Search" name="verifySearchWithInvalidproduct" time="30.458"/>
  <system-out/>
</testsuite> <!-- com.tutorialsninja.qa.testcases.Search -->
