<?xml version="1.0" encoding="UTF-8"?>
<!-- Generated by org.testng.reporters.JUnitReportReporter -->
<testsuite hostname="DESKTOP-28161K9" failures="0" tests="5" name="com.tutorialsninja.qa.testcases.Login" time="1393.569" errors="0" timestamp="2023-12-17T22:13:16 IST" skipped="0">
  <testcase classname="com.tutorialsninja.qa.testcases.Login" name="verifyLoginWithInvalidCredentials" time="308.488"/>
  <system-out/>
  <testcase classname="com.tutorialsninja.qa.testcases.Login" name="verifyLoginWithValidCredentials" time="345.456"/>
  <system-out/>
  <testcase classname="com.tutorialsninja.qa.testcases.Login" name="verifyLoginWithInvalidEmailValidPassword" time="17.990"/>
  <system-out/>
  <testcase classname="com.tutorialsninja.qa.testcases.Login" name="VerifyLoginWithoutCredentials" time="357.413"/>
  <system-out/>
  <testcase classname="com.tutorialsninja.qa.testcases.Login" name="verifyLoginWithValidEmailInvalidPassword" time="364.222"/>
  <system-out/>
</testsuite> <!-- com.tutorialsninja.qa.testcases.Login -->
