<?xml version="1.0" encoding="UTF-8"?>
<!-- Generated by org.testng.reporters.JUnitReportReporter -->
<testsuite hostname="DESKTOP-28161K9" failures="0" tests="3" name="com.tutorialsninja.qa.testcases.Search" time="50.029" errors="0" timestamp="2023-12-30T19:07:03 IST" skipped="0">
  <testcase classname="com.tutorialsninja.qa.testcases.Search" name="verifySearchWithValidproduct" time="11.002"/>
  <system-out/>
  <testcase classname="com.tutorialsninja.qa.testcases.Search" name="verifySearchWithInvalidproduct" time="30.375"/>
  <system-out/>
  <testcase classname="com.tutorialsninja.qa.testcases.Search" name="verifySearchWithNoProduct" time="8.652"/>
  <system-out/>
</testsuite> <!-- com.tutorialsninja.qa.testcases.Search -->
