<?xml version="1.0" encoding="UTF-8"?>
<!-- Generated by org.testng.reporters.JUnitReportReporter -->
<testsuite hostname="DESKTOP-28161K9" failures="0" tests="5" name="com.tutorialsninja.qa.testcases.Login" time="78.606" errors="0" timestamp="2023-12-18T22:55:25 IST" skipped="0">
  <testcase classname="com.tutorialsninja.qa.testcases.Login" name="verifyLoginWithInvalidEmailValidPassword" time="14.684"/>
  <system-out/>
  <testcase classname="com.tutorialsninja.qa.testcases.Login" name="verifyLoginWithInvalidCredentials" time="13.946"/>
  <system-out/>
  <testcase classname="com.tutorialsninja.qa.testcases.Login" name="verifyLoginWithValidEmailInvalidPassword" time="14.505"/>
  <system-out/>
  <testcase classname="com.tutorialsninja.qa.testcases.Login" name="VerifyLoginWithoutCredentials" time="13.545"/>
  <system-out/>
  <testcase classname="com.tutorialsninja.qa.testcases.Login" name="verifyLoginWithValidCredentials" time="21.926"/>
  <system-out/>
</testsuite> <!-- com.tutorialsninja.qa.testcases.Login -->
