<?xml version="1.0" encoding="UTF-8"?>
<!-- Generated by org.testng.reporters.JUnitReportReporter -->
<testsuite hostname="DESKTOP-28161K9" failures="0" tests="3" name="com.tutorialsninja.qa.testcases.Search" time="105.530" errors="0" timestamp="2023-12-21T22:54:10 IST" skipped="0">
  <testcase classname="com.tutorialsninja.qa.testcases.Search" name="verifySearchWithValidproduct" time="31.846"/>
  <system-out/>
  <testcase classname="com.tutorialsninja.qa.testcases.Search" name="verifySearchWithInvalidproduct" time="49.732"/>
  <system-out/>
  <testcase classname="com.tutorialsninja.qa.testcases.Search" name="verifySearchWithNoProduct" time="23.952"/>
  <system-out/>
</testsuite> <!-- com.tutorialsninja.qa.testcases.Search -->
