<?xml version="1.0" encoding="UTF-8"?>
<!-- Generated by org.testng.reporters.JUnitReportReporter -->
<testsuite hostname="DESKTOP-28161K9" failures="0" tests="4" name="com.tutorialsninja.qa.testcases.Register" time="56.451" errors="0" timestamp="2023-12-21T22:54:10 IST" skipped="0">
  <testcase classname="com.tutorialsninja.qa.testcases.Register" name="registerWithAlreadyExistEmail" time="10.483"/>
  <system-out/>
  <testcase classname="com.tutorialsninja.qa.testcases.Register" name="registerWithhoutFillingAnyDetail" time="8.966"/>
  <system-out/>
  <testcase classname="com.tutorialsninja.qa.testcases.Register" name="registerWithMandetoryFields" time="17.686"/>
  <system-out/>
  <testcase classname="com.tutorialsninja.qa.testcases.Register" name="registerWithAllMandatoryFiels" time="19.316"/>
  <system-out/>
</testsuite> <!-- com.tutorialsninja.qa.testcases.Register -->
