<?xml version="1.0" encoding="UTF-8"?>
<!-- Generated by org.testng.reporters.JUnitReportReporter -->
<testsuite hostname="DESKTOP-28161K9" failures="0" tests="4" name="com.tutorialsninja.qa.testcases.Register" time="117.620" errors="0" timestamp="2023-12-18T22:55:25 IST" skipped="0">
  <testcase classname="com.tutorialsninja.qa.testcases.Register" name="registerWithAlreadyExistEmail" time="17.891"/>
  <system-out/>
  <testcase classname="com.tutorialsninja.qa.testcases.Register" name="registerWithAllMandatoryFiels" time="20.790"/>
  <system-out/>
  <testcase classname="com.tutorialsninja.qa.testcases.Register" name="registerWithhoutFillingAnyDetail" time="60.846"/>
  <system-out/>
  <testcase classname="com.tutorialsninja.qa.testcases.Register" name="registerWithMandetoryFields" time="18.093"/>
  <system-out/>
</testsuite> <!-- com.tutorialsninja.qa.testcases.Register -->
