<?xml version="1.0" encoding="UTF-8"?>
<!-- Generated by org.testng.reporters.JUnitReportReporter -->
<testsuite hostname="DESKTOP-28161K9" failures="0" tests="3" name="com.tutorialsninja.qa.testcases.Search" time="37.318" errors="0" timestamp="2023-12-18T22:38:27 IST" skipped="0">
  <testcase classname="com.tutorialsninja.qa.testcases.Search" name="verifySearchWithNoProduct" time="10.830"/>
  <system-out/>
  <testcase classname="com.tutorialsninja.qa.testcases.Search" name="verifySearchWithValidproduct" time="16.068"/>
  <system-out/>
  <testcase classname="com.tutorialsninja.qa.testcases.Search" name="verifySearchWithInvalidproduct" time="10.420"/>
  <system-out/>
</testsuite> <!-- com.tutorialsninja.qa.testcases.Search -->
